<?xml version="1.0" encoding="UTF-8"?>
<testsuite name="com.media.playerlib.ExampleUnitTest" tests="1" skipped="0" failures="0" errors="0" timestamp="2020-05-25T11:32:23" hostname="eekinds-PC" time="0.001">
  <properties/>
  <testcase name="addition_isCorrect" classname="com.media.playerlib.ExampleUnitTest" time="0.001"/>
  <system-out><![CDATA[]]></system-out>
  <system-err><![CDATA[]]></system-err>
</testsuite>
